<?xml version="1.0" encoding="UTF-8"?>
<testsuite hostname="Raul-Mata.local" failures="10" tests="38" name="org.reactivestreams.tck.PublisherVerification" time="4.126" errors="0" timestamp="2 Jul 2019 17:13:10 GMT">
  <testcase classname="raul.reactive.streams.publisher.SimplePublisherTest" name="optional_spec104_mustSignalOnErrorWhenFails" time="0.001">
    <skipped/>
  </testcase>
  <testcase classname="raul.reactive.streams.publisher.SimplePublisherTest" name="optional_spec105_emptyStreamMustTerminateBySignallingOnComplete" time="0.115"/>
  <testcase classname="raul.reactive.streams.publisher.SimplePublisherTest" name="optional_spec111_maySupportMultiSubscribe" time="0.102"/>
  <testcase classname="raul.reactive.streams.publisher.SimplePublisherTest" name="optional_spec111_multicast_mustProduceTheSameElementsInTheSameSequenceToAllOfItsSubscribersWhenRequestingManyUpfront" time="0.105">
    <skipped/>
  </testcase>
  <testcase classname="raul.reactive.streams.publisher.SimplePublisherTest" name="optional_spec111_multicast_mustProduceTheSameElementsInTheSameSequenceToAllOfItsSubscribersWhenRequestingManyUpfrontAndCompleteAsExpected" time="0.108">
    <skipped/>
  </testcase>
  <testcase classname="raul.reactive.streams.publisher.SimplePublisherTest" name="optional_spec111_multicast_mustProduceTheSameElementsInTheSameSequenceToAllOfItsSubscribersWhenRequestingOneByOne" time="0.108">
    <skipped/>
  </testcase>
  <testcase classname="raul.reactive.streams.publisher.SimplePublisherTest" name="optional_spec111_registeredSubscribersMustReceiveOnNextOrOnCompleteSignals" time="0.107">
    <skipped/>
  </testcase>
  <testcase classname="raul.reactive.streams.publisher.SimplePublisherTest" name="optional_spec309_requestNegativeNumberMaySignalIllegalArgumentExceptionWithSpecificMessage" time="0.104">
    <skipped/>
  </testcase>
  <testcase classname="raul.reactive.streams.publisher.SimplePublisherTest" name="required_createPublisher1MustProduceAStreamOfExactly1Element" time="0.107">
    <failure type="java.lang.AssertionError" message="Did not receive expected stream completion within 100 ms">
      <![CDATA[java.lang.AssertionError: Did not receive expected stream completion within 100 ms
	at org.reactivestreams.tck.TestEnvironment.flop(TestEnvironment.java:169)
	at org.reactivestreams.tck.TestEnvironment$Receptacle.expectCompletion(TestEnvironment.java:1000)
	at org.reactivestreams.tck.TestEnvironment$ManualSubscriber.expectCompletion(TestEnvironment.java:511)
	at org.reactivestreams.tck.TestEnvironment$ManualSubscriber.requestEndOfStream(TestEnvironment.java:425)
	at org.reactivestreams.tck.TestEnvironment$ManualSubscriber.requestEndOfStream(TestEnvironment.java:412)
	at org.reactivestreams.tck.PublisherVerification$1.run(PublisherVerification.java:167)
	at org.reactivestreams.tck.PublisherVerification.activePublisherTest(PublisherVerification.java:1138)
	at org.reactivestreams.tck.PublisherVerification.required_createPublisher1MustProduceAStreamOfExactly1Element(PublisherVerification.java:162)
	at org.apache.maven.surefire.testng.TestNGExecutor.run(TestNGExecutor.java:135)
	at org.apache.maven.surefire.testng.TestNGDirectoryTestSuite.executeSingleClass(TestNGDirectoryTestSuite.java:112)
	at org.apache.maven.surefire.testng.TestNGDirectoryTestSuite.execute(TestNGDirectoryTestSuite.java:99)
	at org.apache.maven.surefire.testng.TestNGProvider.invoke(TestNGProvider.java:146)
	at org.apache.maven.surefire.booter.ForkedBooter.invokeProviderInSameClassLoader(ForkedBooter.java:384)
	at org.apache.maven.surefire.booter.ForkedBooter.runSuitesInProcess(ForkedBooter.java:345)
	at org.apache.maven.surefire.booter.ForkedBooter.execute(ForkedBooter.java:126)
	at org.apache.maven.surefire.booter.ForkedBooter.main(ForkedBooter.java:418)
... Removed 23 stack frames]]>
    </failure>
  </testcase>
  <testcase classname="raul.reactive.streams.publisher.SimplePublisherTest" name="required_createPublisher3MustProduceAStreamOfExactly3Elements" time="0.106">
    <failure type="java.lang.AssertionError" message="Publisher org.reactivestreams.FlowAdapters$ReactivePublisherFromFlow@1a482e36 produced only 1 element expected:&amp;lt;true&amp;gt; but was:&amp;lt;false&amp;gt;">
      <![CDATA[java.lang.AssertionError: Publisher org.reactivestreams.FlowAdapters$ReactivePublisherFromFlow@1a482e36 produced only 1 element expected:<true> but was:<false>
	at org.reactivestreams.tck.PublisherVerification$2.run(PublisherVerification.java:184)
	at org.reactivestreams.tck.PublisherVerification.activePublisherTest(PublisherVerification.java:1138)
	at org.reactivestreams.tck.PublisherVerification.required_createPublisher3MustProduceAStreamOfExactly3Elements(PublisherVerification.java:179)
	at org.apache.maven.surefire.testng.TestNGExecutor.run(TestNGExecutor.java:135)
	at org.apache.maven.surefire.testng.TestNGDirectoryTestSuite.executeSingleClass(TestNGDirectoryTestSuite.java:112)
	at org.apache.maven.surefire.testng.TestNGDirectoryTestSuite.execute(TestNGDirectoryTestSuite.java:99)
	at org.apache.maven.surefire.testng.TestNGProvider.invoke(TestNGProvider.java:146)
	at org.apache.maven.surefire.booter.ForkedBooter.invokeProviderInSameClassLoader(ForkedBooter.java:384)
	at org.apache.maven.surefire.booter.ForkedBooter.runSuitesInProcess(ForkedBooter.java:345)
	at org.apache.maven.surefire.booter.ForkedBooter.execute(ForkedBooter.java:126)
	at org.apache.maven.surefire.booter.ForkedBooter.main(ForkedBooter.java:418)
... Removed 25 stack frames]]>
    </failure>
  </testcase>
  <testcase classname="raul.reactive.streams.publisher.SimplePublisherTest" name="required_spec101_subscriptionRequestMustResultInTheCorrectNumberOfProducedElements" time="0.313">
    <failure type="java.lang.AssertionError" message="Publisher org.reactivestreams.FlowAdapters$ReactivePublisherFromFlow@4f83df68 produced less than 3 elements after two respective `request` calls within 100 ms">
      <![CDATA[java.lang.AssertionError: Publisher org.reactivestreams.FlowAdapters$ReactivePublisherFromFlow@4f83df68 produced less than 3 elements after two respective `request` calls within 100 ms
	at org.reactivestreams.tck.TestEnvironment.flopAndFail(TestEnvironment.java:232)
	at org.reactivestreams.tck.TestEnvironment$Receptacle.next(TestEnvironment.java:959)
	at org.reactivestreams.tck.TestEnvironment$Receptacle.nextN(TestEnvironment.java:988)
	at org.reactivestreams.tck.TestEnvironment$ManualSubscriber.nextElements(TestEnvironment.java:484)
	at org.reactivestreams.tck.PublisherVerification$3.run(PublisherVerification.java:224)
	at org.reactivestreams.tck.PublisherVerification.activePublisherTest(PublisherVerification.java:1138)
	at org.reactivestreams.tck.PublisherVerification.required_spec101_subscriptionRequestMustResultInTheCorrectNumberOfProducedElements(PublisherVerification.java:211)
	at org.apache.maven.surefire.testng.TestNGExecutor.run(TestNGExecutor.java:135)
	at org.apache.maven.surefire.testng.TestNGDirectoryTestSuite.executeSingleClass(TestNGDirectoryTestSuite.java:112)
	at org.apache.maven.surefire.testng.TestNGDirectoryTestSuite.execute(TestNGDirectoryTestSuite.java:99)
	at org.apache.maven.surefire.testng.TestNGProvider.invoke(TestNGProvider.java:146)
	at org.apache.maven.surefire.booter.ForkedBooter.invokeProviderInSameClassLoader(ForkedBooter.java:384)
	at org.apache.maven.surefire.booter.ForkedBooter.runSuitesInProcess(ForkedBooter.java:345)
	at org.apache.maven.surefire.booter.ForkedBooter.execute(ForkedBooter.java:126)
	at org.apache.maven.surefire.booter.ForkedBooter.main(ForkedBooter.java:418)
Caused by: java.lang.AssertionError: Publisher org.reactivestreams.FlowAdapters$ReactivePublisherFromFlow@4f83df68 produced less than 3 elements after two respective `request` calls within 100 ms
	at org.reactivestreams.tck.TestEnvironment.flopAndFail(TestEnvironment.java:229)
	... 36 more
... Removed 24 stack frames]]>
    </failure>
  </testcase>
  <testcase classname="raul.reactive.streams.publisher.SimplePublisherTest" name="required_spec102_maySignalLessThanRequestedAndTerminateSubscription" time="0.106">
    <failure type="java.lang.AssertionError" message="Did not receive expected element or completion within 100 ms">
      <![CDATA[java.lang.AssertionError: Did not receive expected element or completion within 100 ms
	at org.reactivestreams.tck.TestEnvironment.flopAndFail(TestEnvironment.java:232)
	at org.reactivestreams.tck.TestEnvironment$Receptacle.next(TestEnvironment.java:959)
	at org.reactivestreams.tck.TestEnvironment$Receptacle.nextN(TestEnvironment.java:988)
	at org.reactivestreams.tck.TestEnvironment$ManualSubscriber.nextElements(TestEnvironment.java:484)
	at org.reactivestreams.tck.TestEnvironment$ManualSubscriber.nextElements(TestEnvironment.java:472)
	at org.reactivestreams.tck.PublisherVerification$4.run(PublisherVerification.java:244)
	at org.reactivestreams.tck.PublisherVerification.activePublisherTest(PublisherVerification.java:1138)
	at org.reactivestreams.tck.PublisherVerification.required_spec102_maySignalLessThanRequestedAndTerminateSubscription(PublisherVerification.java:239)
	at org.apache.maven.surefire.testng.TestNGExecutor.run(TestNGExecutor.java:135)
	at org.apache.maven.surefire.testng.TestNGDirectoryTestSuite.executeSingleClass(TestNGDirectoryTestSuite.java:112)
	at org.apache.maven.surefire.testng.TestNGDirectoryTestSuite.execute(TestNGDirectoryTestSuite.java:99)
	at org.apache.maven.surefire.testng.TestNGProvider.invoke(TestNGProvider.java:146)
	at org.apache.maven.surefire.booter.ForkedBooter.invokeProviderInSameClassLoader(ForkedBooter.java:384)
	at org.apache.maven.surefire.booter.ForkedBooter.runSuitesInProcess(ForkedBooter.java:345)
	at org.apache.maven.surefire.booter.ForkedBooter.execute(ForkedBooter.java:126)
	at org.apache.maven.surefire.booter.ForkedBooter.main(ForkedBooter.java:418)
Caused by: java.lang.AssertionError: Did not receive expected element or completion within 100 ms
	at org.reactivestreams.tck.TestEnvironment.flopAndFail(TestEnvironment.java:229)
	... 37 more
... Removed 24 stack frames]]>
    </failure>
  </testcase>
  <testcase classname="raul.reactive.streams.publisher.SimplePublisherTest" name="required_spec105_mustSignalOnCompleteWhenFiniteStreamTerminates" time="0.105">
    <failure type="java.lang.AssertionError" message="Did not receive expected element within 100 ms">
      <![CDATA[java.lang.AssertionError: Did not receive expected element within 100 ms
	at org.reactivestreams.tck.TestEnvironment.flopAndFail(TestEnvironment.java:232)
	at org.reactivestreams.tck.TestEnvironment$Receptacle.next(TestEnvironment.java:959)
	at org.reactivestreams.tck.TestEnvironment$ManualSubscriber.nextElement(TestEnvironment.java:456)
	at org.reactivestreams.tck.TestEnvironment$ManualSubscriber.requestNextElement(TestEnvironment.java:391)
	at org.reactivestreams.tck.TestEnvironment$ManualSubscriber.requestNextElement(TestEnvironment.java:382)
	at org.reactivestreams.tck.TestEnvironment$ManualSubscriber.requestNextElement(TestEnvironment.java:378)
	at org.reactivestreams.tck.PublisherVerification$7.run(PublisherVerification.java:402)
	at org.reactivestreams.tck.PublisherVerification.activePublisherTest(PublisherVerification.java:1138)
	at org.reactivestreams.tck.PublisherVerification.required_spec105_mustSignalOnCompleteWhenFiniteStreamTerminates(PublisherVerification.java:397)
	at org.apache.maven.surefire.testng.TestNGExecutor.run(TestNGExecutor.java:135)
	at org.apache.maven.surefire.testng.TestNGDirectoryTestSuite.executeSingleClass(TestNGDirectoryTestSuite.java:112)
	at org.apache.maven.surefire.testng.TestNGDirectoryTestSuite.execute(TestNGDirectoryTestSuite.java:99)
	at org.apache.maven.surefire.testng.TestNGProvider.invoke(TestNGProvider.java:146)
	at org.apache.maven.surefire.booter.ForkedBooter.invokeProviderInSameClassLoader(ForkedBooter.java:384)
	at org.apache.maven.surefire.booter.ForkedBooter.runSuitesInProcess(ForkedBooter.java:345)
	at org.apache.maven.surefire.booter.ForkedBooter.execute(ForkedBooter.java:126)
	at org.apache.maven.surefire.booter.ForkedBooter.main(ForkedBooter.java:418)
Caused by: java.lang.AssertionError: Did not receive expected element within 100 ms
	at org.reactivestreams.tck.TestEnvironment.flopAndFail(TestEnvironment.java:229)
	... 38 more
... Removed 24 stack frames]]>
    </failure>
  </testcase>
  <testcase classname="raul.reactive.streams.publisher.SimplePublisherTest" name="required_spec107_mustNotEmitFurtherSignalsOnceOnCompleteHasBeenSignalled" time="0.207">
    <failure type="java.lang.AssertionError" message="Did not receive expected stream completion within 100 ms">
      <![CDATA[java.lang.AssertionError: Did not receive expected stream completion within 100 ms
	at org.reactivestreams.tck.TestEnvironment.flop(TestEnvironment.java:169)
	at org.reactivestreams.tck.TestEnvironment$Receptacle.expectCompletion(TestEnvironment.java:1000)
	at org.reactivestreams.tck.TestEnvironment$ManualSubscriber.expectCompletion(TestEnvironment.java:511)
	at org.reactivestreams.tck.TestEnvironment$ManualSubscriber.expectCompletion(TestEnvironment.java:499)
	at org.reactivestreams.tck.PublisherVerification$9.run(PublisherVerification.java:436)
	at org.reactivestreams.tck.PublisherVerification.activePublisherTest(PublisherVerification.java:1138)
	at org.reactivestreams.tck.PublisherVerification.required_spec107_mustNotEmitFurtherSignalsOnceOnCompleteHasBeenSignalled(PublisherVerification.java:430)
	at org.apache.maven.surefire.testng.TestNGExecutor.run(TestNGExecutor.java:135)
	at org.apache.maven.surefire.testng.TestNGDirectoryTestSuite.executeSingleClass(TestNGDirectoryTestSuite.java:112)
	at org.apache.maven.surefire.testng.TestNGDirectoryTestSuite.execute(TestNGDirectoryTestSuite.java:99)
	at org.apache.maven.surefire.testng.TestNGProvider.invoke(TestNGProvider.java:146)
	at org.apache.maven.surefire.booter.ForkedBooter.invokeProviderInSameClassLoader(ForkedBooter.java:384)
	at org.apache.maven.surefire.booter.ForkedBooter.runSuitesInProcess(ForkedBooter.java:345)
	at org.apache.maven.surefire.booter.ForkedBooter.execute(ForkedBooter.java:126)
	at org.apache.maven.surefire.booter.ForkedBooter.main(ForkedBooter.java:418)
... Removed 23 stack frames]]>
    </failure>
  </testcase>
  <testcase classname="raul.reactive.streams.publisher.SimplePublisherTest" name="required_spec109_mayRejectCallsToSubscribeIfPublisherIsUnableOrUnwillingToServeThemRejectionMustTriggerOnErrorAfterOnSubscribe" time="0.003">
    <skipped/>
  </testcase>
  <testcase classname="raul.reactive.streams.publisher.SimplePublisherTest" name="required_spec109_mustIssueOnSubscribeForNonNullSubscriber" time="0.002"/>
  <testcase classname="raul.reactive.streams.publisher.SimplePublisherTest" name="required_spec109_subscribeThrowNPEOnNullSubscriber" time="0.001"/>
  <testcase classname="raul.reactive.streams.publisher.SimplePublisherTest" name="required_spec302_mustAllowSynchronousRequestCallsFromOnNextAndOnSubscribe" time="0.103"/>
  <testcase classname="raul.reactive.streams.publisher.SimplePublisherTest" name="required_spec303_mustNotAllowUnboundedRecursion" time="0.103">
    <failure type="java.lang.AssertionError" message="Unable to validate call stack depth safety, awaited at-most 2 signals (`maxOnNextSignalsInRecursionTest()`) or completion within 100 ms">
      <![CDATA[java.lang.AssertionError: Unable to validate call stack depth safety, awaited at-most 2 signals (`maxOnNextSignalsInRecursionTest()`) or completion within 100 ms
	at org.reactivestreams.tck.TestEnvironment.flop(TestEnvironment.java:169)
	at org.reactivestreams.tck.TestEnvironment$Latch.expectClose(TestEnvironment.java:852)
	at org.reactivestreams.tck.PublisherVerification$19.run(PublisherVerification.java:819)
	at org.reactivestreams.tck.PublisherVerification.activePublisherTest(PublisherVerification.java:1138)
	at org.reactivestreams.tck.PublisherVerification.required_spec303_mustNotAllowUnboundedRecursion(PublisherVerification.java:752)
	at org.apache.maven.surefire.testng.TestNGExecutor.run(TestNGExecutor.java:135)
	at org.apache.maven.surefire.testng.TestNGDirectoryTestSuite.executeSingleClass(TestNGDirectoryTestSuite.java:112)
	at org.apache.maven.surefire.testng.TestNGDirectoryTestSuite.execute(TestNGDirectoryTestSuite.java:99)
	at org.apache.maven.surefire.testng.TestNGProvider.invoke(TestNGProvider.java:146)
	at org.apache.maven.surefire.booter.ForkedBooter.invokeProviderInSameClassLoader(ForkedBooter.java:384)
	at org.apache.maven.surefire.booter.ForkedBooter.runSuitesInProcess(ForkedBooter.java:345)
	at org.apache.maven.surefire.booter.ForkedBooter.execute(ForkedBooter.java:126)
	at org.apache.maven.surefire.booter.ForkedBooter.main(ForkedBooter.java:418)
... Removed 23 stack frames]]>
    </failure>
  </testcase>
  <testcase classname="raul.reactive.streams.publisher.SimplePublisherTest" name="required_spec306_afterSubscriptionIsCancelledRequestMustBeNops" time="0.104"/>
  <testcase classname="raul.reactive.streams.publisher.SimplePublisherTest" name="required_spec307_afterSubscriptionIsCancelledAdditionalCancelationsMustBeNops" time="0.107"/>
  <testcase classname="raul.reactive.streams.publisher.SimplePublisherTest" name="required_spec309_requestNegativeNumberMustSignalIllegalArgumentException" time="0.103"/>
  <testcase classname="raul.reactive.streams.publisher.SimplePublisherTest" name="required_spec309_requestZeroMustSignalIllegalArgumentException" time="0.105"/>
  <testcase classname="raul.reactive.streams.publisher.SimplePublisherTest" name="required_spec312_cancelMustMakeThePublisherToEventuallyStopSignaling" time="0.107"/>
  <testcase classname="raul.reactive.streams.publisher.SimplePublisherTest" name="required_spec313_cancelMustMakeThePublisherEventuallyDropAllReferencesToTheSubscriber" time="0.328"/>
  <testcase classname="raul.reactive.streams.publisher.SimplePublisherTest" name="required_spec317_mustNotSignalOnErrorWhenPendingAboveLongMaxValue" time="0.104"/>
  <testcase classname="raul.reactive.streams.publisher.SimplePublisherTest" name="required_spec317_mustSupportACumulativePendingElementCountUpToLongMaxValue" time="0.102">
    <failure type="java.lang.AssertionError" message="Did not receive expected element or completion within 100 ms">
      <![CDATA[java.lang.AssertionError: Did not receive expected element or completion within 100 ms
	at org.reactivestreams.tck.TestEnvironment.flopAndFail(TestEnvironment.java:232)
	at org.reactivestreams.tck.TestEnvironment$Receptacle.next(TestEnvironment.java:959)
	at org.reactivestreams.tck.TestEnvironment$Receptacle.nextN(TestEnvironment.java:988)
	at org.reactivestreams.tck.TestEnvironment$ManualSubscriber.nextElements(TestEnvironment.java:484)
	at org.reactivestreams.tck.TestEnvironment$ManualSubscriber.nextElements(TestEnvironment.java:472)
	at org.reactivestreams.tck.PublisherVerification$29.run(PublisherVerification.java:1061)
	at org.reactivestreams.tck.PublisherVerification.activePublisherTest(PublisherVerification.java:1138)
	at org.reactivestreams.tck.PublisherVerification.required_spec317_mustSupportACumulativePendingElementCountUpToLongMaxValue(PublisherVerification.java:1053)
	at org.apache.maven.surefire.testng.TestNGExecutor.run(TestNGExecutor.java:135)
	at org.apache.maven.surefire.testng.TestNGDirectoryTestSuite.executeSingleClass(TestNGDirectoryTestSuite.java:112)
	at org.apache.maven.surefire.testng.TestNGDirectoryTestSuite.execute(TestNGDirectoryTestSuite.java:99)
	at org.apache.maven.surefire.testng.TestNGProvider.invoke(TestNGProvider.java:146)
	at org.apache.maven.surefire.booter.ForkedBooter.invokeProviderInSameClassLoader(ForkedBooter.java:384)
	at org.apache.maven.surefire.booter.ForkedBooter.runSuitesInProcess(ForkedBooter.java:345)
	at org.apache.maven.surefire.booter.ForkedBooter.execute(ForkedBooter.java:126)
	at org.apache.maven.surefire.booter.ForkedBooter.main(ForkedBooter.java:418)
Caused by: java.lang.AssertionError: Did not receive expected element or completion within 100 ms
	at org.reactivestreams.tck.TestEnvironment.flopAndFail(TestEnvironment.java:229)
	... 37 more
... Removed 24 stack frames]]>
    </failure>
  </testcase>
  <testcase classname="raul.reactive.streams.publisher.SimplePublisherTest" name="required_spec317_mustSupportAPendingElementCountUpToLongMaxValue" time="0.107">
    <failure type="java.lang.AssertionError" message="Did not receive expected element or completion within 100 ms">
      <![CDATA[java.lang.AssertionError: Did not receive expected element or completion within 100 ms
	at org.reactivestreams.tck.TestEnvironment.flopAndFail(TestEnvironment.java:232)
	at org.reactivestreams.tck.TestEnvironment$Receptacle.next(TestEnvironment.java:959)
	at org.reactivestreams.tck.TestEnvironment$Receptacle.nextN(TestEnvironment.java:988)
	at org.reactivestreams.tck.TestEnvironment$ManualSubscriber.nextElements(TestEnvironment.java:484)
	at org.reactivestreams.tck.TestEnvironment$ManualSubscriber.nextElements(TestEnvironment.java:472)
	at org.reactivestreams.tck.PublisherVerification$28.run(PublisherVerification.java:1041)
	at org.reactivestreams.tck.PublisherVerification.activePublisherTest(PublisherVerification.java:1138)
	at org.reactivestreams.tck.PublisherVerification.required_spec317_mustSupportAPendingElementCountUpToLongMaxValue(PublisherVerification.java:1035)
	at org.apache.maven.surefire.testng.TestNGExecutor.run(TestNGExecutor.java:135)
	at org.apache.maven.surefire.testng.TestNGDirectoryTestSuite.executeSingleClass(TestNGDirectoryTestSuite.java:112)
	at org.apache.maven.surefire.testng.TestNGDirectoryTestSuite.execute(TestNGDirectoryTestSuite.java:99)
	at org.apache.maven.surefire.testng.TestNGProvider.invoke(TestNGProvider.java:146)
	at org.apache.maven.surefire.booter.ForkedBooter.invokeProviderInSameClassLoader(ForkedBooter.java:384)
	at org.apache.maven.surefire.booter.ForkedBooter.runSuitesInProcess(ForkedBooter.java:345)
	at org.apache.maven.surefire.booter.ForkedBooter.execute(ForkedBooter.java:126)
	at org.apache.maven.surefire.booter.ForkedBooter.main(ForkedBooter.java:418)
Caused by: java.lang.AssertionError: Did not receive expected element or completion within 100 ms
	at org.reactivestreams.tck.TestEnvironment.flopAndFail(TestEnvironment.java:229)
	... 37 more
... Removed 24 stack frames]]>
    </failure>
  </testcase>
  <testcase classname="raul.reactive.streams.publisher.SimplePublisherTest" name="required_validate_boundedDepthOfOnNextAndRequestRecursion" time="0.001"/>
  <testcase classname="raul.reactive.streams.publisher.SimplePublisherTest" name="required_validate_maxElementsFromPublisher" time="0.0"/>
  <testcase classname="raul.reactive.streams.publisher.SimplePublisherTest" name="stochastic_spec103_mustSignalOnMethodsSequentially" time="1.008">
    <failure type="java.lang.AssertionError" message="Failed in iteration 0 of 100. Expected completion signal after signalling 10 elements (signalled 1), yet did not receive it within 1000 ms">
      <![CDATA[java.lang.AssertionError: Failed in iteration 0 of 100. Expected completion signal after signalling 10 elements (signalled 1), yet did not receive it within 1000 ms
	at org.reactivestreams.tck.TestEnvironment.flop(TestEnvironment.java:169)
	at org.reactivestreams.tck.TestEnvironment$Latch.expectClose(TestEnvironment.java:852)
	at org.reactivestreams.tck.PublisherVerification$5$1.run(PublisherVerification.java:347)
	at org.reactivestreams.tck.PublisherVerification.activePublisherTest(PublisherVerification.java:1138)
	at org.reactivestreams.tck.PublisherVerification$5.apply(PublisherVerification.java:258)
	at org.reactivestreams.tck.PublisherVerification$5.apply(PublisherVerification.java:255)
	at org.reactivestreams.tck.PublisherVerification.stochasticTest(PublisherVerification.java:1207)
	at org.reactivestreams.tck.PublisherVerification.stochastic_spec103_mustSignalOnMethodsSequentially(PublisherVerification.java:255)
	at org.apache.maven.surefire.testng.TestNGExecutor.run(TestNGExecutor.java:135)
	at org.apache.maven.surefire.testng.TestNGDirectoryTestSuite.executeSingleClass(TestNGDirectoryTestSuite.java:112)
	at org.apache.maven.surefire.testng.TestNGDirectoryTestSuite.execute(TestNGDirectoryTestSuite.java:99)
	at org.apache.maven.surefire.testng.TestNGProvider.invoke(TestNGProvider.java:146)
	at org.apache.maven.surefire.booter.ForkedBooter.invokeProviderInSameClassLoader(ForkedBooter.java:384)
	at org.apache.maven.surefire.booter.ForkedBooter.runSuitesInProcess(ForkedBooter.java:345)
	at org.apache.maven.surefire.booter.ForkedBooter.execute(ForkedBooter.java:126)
	at org.apache.maven.surefire.booter.ForkedBooter.main(ForkedBooter.java:418)
... Removed 23 stack frames]]>
    </failure>
  </testcase>
  <testcase classname="raul.reactive.streams.publisher.SimplePublisherTest" name="untested_spec106_mustConsiderSubscriptionCancelledAfterOnErrorOrOnCompleteHasBeenCalled" time="0.0">
    <skipped/>
  </testcase>
  <testcase classname="raul.reactive.streams.publisher.SimplePublisherTest" name="untested_spec107_mustNotEmitFurtherSignalsOnceOnErrorHasBeenSignalled" time="0.0">
    <skipped/>
  </testcase>
  <testcase classname="raul.reactive.streams.publisher.SimplePublisherTest" name="untested_spec108_possiblyCanceledSubscriptionShouldNotReceiveOnErrorOrOnCompleteSignals" time="0.0">
    <skipped/>
  </testcase>
  <testcase classname="raul.reactive.streams.publisher.SimplePublisherTest" name="untested_spec109_subscribeShouldNotThrowNonFatalThrowable" time="0.0">
    <skipped/>
  </testcase>
  <testcase classname="raul.reactive.streams.publisher.SimplePublisherTest" name="untested_spec110_rejectASubscriptionRequestIfTheSameSubscriberSubscribesTwice" time="0.001">
    <skipped/>
  </testcase>
  <testcase classname="raul.reactive.streams.publisher.SimplePublisherTest" name="untested_spec304_requestShouldNotPerformHeavyComputations" time="0.0">
    <skipped/>
  </testcase>
  <testcase classname="raul.reactive.streams.publisher.SimplePublisherTest" name="untested_spec305_cancelMustNotSynchronouslyPerformHeavyComputation" time="0.001">
    <skipped/>
  </testcase>
</testsuite>
